1611754097113	mozrunner::runner	INFO	Running command: "C:\\Program Files\\Mozilla Firefox\\firefox.exe" "-marionette" "-foreground" "-no-remote" "-profile" "C:\\Users\\Jatin\\AppData\\Local\\Temp\\rust_mozprofileedya4l"
Can't find symbol 'eglSwapBuffersWithDamageEXT'.
JavaScript error: resource://gre/modules/XULStore.jsm, line 66: Error: Can't find profile directory.
console.error: SearchCache: "_readCacheFile: Error reading cache file:" (new Error("", "(unknown module)"))
console.error: Region.jsm: "Error fetching region" (new TypeError("NetworkError when attempting to fetch resource.", ""))
console.error: Region.jsm: "Failed to fetch region" (new Error("NO_RESULT", "resource://gre/modules/Region.jsm", 351))
1611754101830	Marionette	INFO	Listening on port 49875
1611754101940	Marionette	WARN	TLS certificate errors will be ignored for this session
1611754190588	Marionette	INFO	Stopped listening on port 49875

###!!! [Child][RunMessage] Error: Channel closing: too late to send/recv, messages will be lost


###!!! [Child][MessageChannel::SendAndWait] Error: Channel error: cannot send/recv

sWithDamageEXT'.
JavaScript error: resource://gre/modules/XULStore.jsm, line 66: Error: Can't find profile directory.
console.error: SearchCache: "_readCacheFile: Error reading cache file:" (new Error("", "(unknown module)"))
console.error: Region.jsm: "Error fetching region" (new TypeError("NetworkError when attempting to fetch resource.", ""))
console.error: Region.jsm: "Failed to fetch region" (new Error("NO_RESULT", "resource://gre/modules/Region.jsm", 351))
1611754135253	Marionette	INFO	Listening on port 49897
1611754135399	Marionette	WARN	TLS certificate errors will be ignored for this session
1611754196272	mozrunner::runner	INFO	Running command: "C:\\Program Files\\Mozilla Firefox\\firefox.exe" "-marionette" "-foreground" "-no-remote" "-profile" "C:\\Users\\Jatin\\AppData\\Local\\Temp\\rust_mozprofileU0RIM6"
Can't find symbol 'eglSwapBuffersWithDamageEXT'.
JavaScript error: resource://gre/modules/XULStore.jsm, line 66: Error: Can't find profile directory.
console.error: SearchCache: "_readCacheFile: Error reading cache file:" (new Error("", "(unknown module)"))
console.error: Region.jsm: "Error fetching region" (new TypeError("NetworkError when attempting to fetch resource.", ""))
console.error: Region.jsm: "Failed to fetch region" (new Error("NO_RESULT", "resource://gre/modules/Region.jsm", 351))
1611754200396	Marionette	INFO	Listening on port 49918
1611754200462	Marionette	WARN	TLS certificate errors will be ignored for this session
1611754270251	mozrunner::runner	INFO	Running command: "C:\\Program Files\\Mozilla Firefox\\firefox.exe" "-marionette" "-foreground" "-no-remote" "-profile" "C:\\Users\\Jatin\\AppData\\Local\\Temp\\rust_mozprofileveEfFz"
Can't find symbol 'eglSwapBuffersWithDamageEXT'.
JavaScript error: resource://gre/modules/XULStore.jsm, line 66: Error: Can't find profile directory.
console.error: SearchCache: "_readCacheFile: Error reading cache file:" (new Error("", "(unknown module)"))
1611754273885	Marionette	INFO	Listening on port 50034
1611754273953	Marionette	WARN	TLS certificate errors will be ignored for this session
JavaScript warning: http://ajax.googleapis.com/ajax/libs/jquery/1.3.2/jquery.min.js, line 19: unreachable code after return statement
JavaScript error: http://loksabhaph.nic.in/Debates/DebateAdvSearch17.aspx, line 17: TypeError: $(...).flexslider is not a function
JavaScript warning: http://ajax.googleapis.com/ajax/libs/jquery/1.3.2/jquery.min.js, line 19: unreachable code after return statement
JavaScript error: http://loksabhaph.nic.in/Debates/DebateAdvSearch17.aspx, line 17: TypeError: $(...).flexslider is not a function
